<?xml version="1.0" encoding="utf-8"?><testsuites name="pytest tests"><testsuite name="pytest" errors="0" failures="0" skipped="0" tests="8" time="16.269" timestamp="2026-04-22T21:56:17.305903+00:00" hostname="agent-env-7fd029d0-44c0-4a36-88db-e49e15621e36"><testcase classname="backend.tests.test_api.TestRoutines" name="test_list_seeded" time="0.948" /><testcase classname="backend.tests.test_api.TestRoutines" name="test_create_update_delete" time="4.155" /><testcase classname="backend.tests.test_api.TestSettings" name="test_get_defaults" time="0.662" /><testcase classname="backend.tests.test_api.TestSettings" name="test_verify_pin_correct" time="0.639" /><testcase classname="backend.tests.test_api.TestSettings" name="test_verify_pin_wrong" time="0.687" /><testcase classname="backend.tests.test_api.TestSettings" name="test_update_language_and_pin" time="3.873" /><testcase classname="backend.tests.test_api.TestSOS" name="test_sos_lifecycle" time="2.569" /><testcase classname="backend.tests.test_api.TestAssets" name="test_asset_crud" time="2.596" /></testsuite></testsuites>